[debug] [2019-05-14T15:23:53.550Z] ----------------------------------------------------------------------
[debug] [2019-05-14T15:23:53.552Z] Command:       /usr/local/bin/node /usr/local/bin/firebase deploy
[debug] [2019-05-14T15:23:53.552Z] CLI Version:   3.18.4
[debug] [2019-05-14T15:23:53.552Z] Platform:      darwin
[debug] [2019-05-14T15:23:53.552Z] Node Version:  v8.9.4
[debug] [2019-05-14T15:23:53.553Z] Time:          Tue May 14 2019 23:23:53 GMT+0800 (CST)
[debug] [2019-05-14T15:23:53.553Z] ----------------------------------------------------------------------
[debug] 
[debug] [2019-05-14T15:23:53.566Z] > command requires scopes: ["email","openid","https://www.googleapis.com/auth/cloudplatformprojects.readonly","https://www.googleapis.com/auth/firebase","https://www.googleapis.com/auth/cloud-platform"]
[debug] [2019-05-14T15:23:53.566Z] > authorizing via signed-in user
[debug] [2019-05-14T15:23:53.568Z] > refreshing access token with scopes: ["email","https://www.googleapis.com/auth/cloud-platform","https://www.googleapis.com/auth/cloudplatformprojects.readonly","https://www.googleapis.com/auth/firebase","openid"]
[debug] [2019-05-14T15:23:53.568Z] >>> HTTP REQUEST POST https://www.googleapis.com/oauth2/v3/token  
 { refresh_token: '1/z4q7Ym5bsQ7MKihqIJH0ZTQ2rOKjn5vdxNPlPvcsbMBPFNEoLS_6b1ZtVcgoi0MU',
  client_id: '563584335869-fgrhgmd47bqnekij5i8b5pr03ho849e6.apps.googleusercontent.com',
  client_secret: 'j9iVZfS8kkCEFUPaAeJV0sAi',
  grant_type: 'refresh_token',
  scope: 'email https://www.googleapis.com/auth/cloud-platform https://www.googleapis.com/auth/cloudplatformprojects.readonly https://www.googleapis.com/auth/firebase openid' } 
 Tue May 14 2019 23:23:53 GMT+0800 (CST)
[info] 
[warn] ⚠  Your CLI authentication needs to be updated to take advantage of new features.
[warn] ⚠  Please run firebase login --reauth
[info] 
[debug] [2019-05-14T15:25:11.554Z] > command requires scopes: ["email","openid","https://www.googleapis.com/auth/cloudplatformprojects.readonly","https://www.googleapis.com/auth/firebase"]
[debug] [2019-05-14T15:25:11.554Z] > authorizing via signed-in user
[debug] [2019-05-14T15:25:11.555Z] > refreshing access token with scopes: ["email","https://www.googleapis.com/auth/cloudplatformprojects.readonly","https://www.googleapis.com/auth/firebase","openid"]
[debug] [2019-05-14T15:25:11.555Z] >>> HTTP REQUEST POST https://www.googleapis.com/oauth2/v3/token  
 { refresh_token: '1/z4q7Ym5bsQ7MKihqIJH0ZTQ2rOKjn5vdxNPlPvcsbMBPFNEoLS_6b1ZtVcgoi0MU',
  client_id: '563584335869-fgrhgmd47bqnekij5i8b5pr03ho849e6.apps.googleusercontent.com',
  client_secret: 'j9iVZfS8kkCEFUPaAeJV0sAi',
  grant_type: 'refresh_token',
  scope: 'email https://www.googleapis.com/auth/cloudplatformprojects.readonly https://www.googleapis.com/auth/firebase openid' } 
 Tue May 14 2019 23:25:11 GMT+0800 (CST)
[debug] [2019-05-14T15:25:44.357Z] ----------------------------------------------------------------------
[debug] [2019-05-14T15:25:44.359Z] Command:       /usr/local/bin/node /usr/local/bin/firebase login --reauth
[debug] [2019-05-14T15:25:44.359Z] CLI Version:   3.18.4
[debug] [2019-05-14T15:25:44.359Z] Platform:      darwin
[debug] [2019-05-14T15:25:44.359Z] Node Version:  v8.9.4
[debug] [2019-05-14T15:25:44.359Z] Time:          Tue May 14 2019 23:25:44 GMT+0800 (CST)
[debug] [2019-05-14T15:25:44.359Z] ----------------------------------------------------------------------
[debug] 
[info] 
[info] Visit this URL on any device to log in:
[info] https://accounts.google.com/o/oauth2/auth?client_id=563584335869-fgrhgmd47bqnekij5i8b5pr03ho849e6.apps.googleusercontent.com&scope=email%20openid%20https%3A%2F%2Fwww.googleapis.com%2Fauth%2Fcloudplatformprojects.readonly%20https%3A%2F%2Fwww.googleapis.com%2Fauth%2Ffirebase%20https%3A%2F%2Fwww.googleapis.com%2Fauth%2Fcloud-platform&response_type=code&state=94173433&redirect_uri=http%3A%2F%2Flocalhost%3A9005
[info] 
[info] Waiting for authentication...
[debug] [2019-05-14T15:27:30.110Z] >>> HTTP REQUEST POST https://accounts.google.com/o/oauth2/token  
 { code: '4/SgGowlx0_gmQ3Kmb007Xe3Loj6DPnrG13N_YCxk59OzaD1MWSRlKZj-BhSPhxjMaDOlABbgygTRLhwqO51ZO0NY',
  client_id: '563584335869-fgrhgmd47bqnekij5i8b5pr03ho849e6.apps.googleusercontent.com',
  client_secret: 'j9iVZfS8kkCEFUPaAeJV0sAi',
  redirect_uri: 'http://localhost:9005',
  grant_type: 'authorization_code' } 
 Tue May 14 2019 23:27:30 GMT+0800 (CST)
[debug] [2019-05-14T15:28:47.650Z] Token Fetch Error: Error
    at new FirebaseError (/usr/local/lib/node_modules/firebase-tools/lib/error.js:11:16)
    at Request._callback (/usr/local/lib/node_modules/firebase-tools/lib/api.js:35:11)
    at self.callback (/usr/local/lib/node_modules/firebase-tools/node_modules/request/request.js:186:22)
    at emitOne (events.js:116:13)
    at Request.emit (events.js:211:7)
    at Request.onRequestError (/usr/local/lib/node_modules/firebase-tools/node_modules/request/request.js:878:8)
    at emitOne (events.js:116:13)
    at ClientRequest.emit (events.js:211:7)
    at TLSSocket.socketErrorListener (_http_client.js:387:9)
    at emitOne (events.js:116:13)
[debug] [2019-05-14T15:29:21.400Z] ----------------------------------------------------------------------
[debug] [2019-05-14T15:29:21.402Z] Command:       /usr/local/bin/node /usr/local/bin/firebase login --reauth
[debug] [2019-05-14T15:29:21.402Z] CLI Version:   3.18.4
[debug] [2019-05-14T15:29:21.403Z] Platform:      darwin
[debug] [2019-05-14T15:29:21.403Z] Node Version:  v8.9.4
[debug] [2019-05-14T15:29:21.403Z] Time:          Tue May 14 2019 23:29:21 GMT+0800 (CST)
[debug] [2019-05-14T15:29:21.403Z] ----------------------------------------------------------------------
[debug] 
[info] 
[info] Visit this URL on any device to log in:
[info] https://accounts.google.com/o/oauth2/auth?client_id=563584335869-fgrhgmd47bqnekij5i8b5pr03ho849e6.apps.googleusercontent.com&scope=email%20openid%20https%3A%2F%2Fwww.googleapis.com%2Fauth%2Fcloudplatformprojects.readonly%20https%3A%2F%2Fwww.googleapis.com%2Fauth%2Ffirebase%20https%3A%2F%2Fwww.googleapis.com%2Fauth%2Fcloud-platform&response_type=code&state=991721821&redirect_uri=http%3A%2F%2Flocalhost%3A9005
[info] 
[info] Waiting for authentication...
[debug] [2019-05-14T15:29:33.784Z] >>> HTTP REQUEST POST https://accounts.google.com/o/oauth2/token  
 { code: '4/SgG6xhthalw-TfFg7MqrejdCoII13itoEmvg5aEM17hoPjGdQjDHPMQExt0WWuqqkD1y2zUD0PK1BubWaH291GQ',
  client_id: '563584335869-fgrhgmd47bqnekij5i8b5pr03ho849e6.apps.googleusercontent.com',
  client_secret: 'j9iVZfS8kkCEFUPaAeJV0sAi',
  redirect_uri: 'http://localhost:9005',
  grant_type: 'authorization_code' } 
 Tue May 14 2019 23:29:33 GMT+0800 (CST)
[debug] [2019-05-14T15:30:50.413Z] Token Fetch Error: Error
    at new FirebaseError (/usr/local/lib/node_modules/firebase-tools/lib/error.js:11:16)
    at Request._callback (/usr/local/lib/node_modules/firebase-tools/lib/api.js:35:11)
    at self.callback (/usr/local/lib/node_modules/firebase-tools/node_modules/request/request.js:186:22)
    at emitOne (events.js:116:13)
    at Request.emit (events.js:211:7)
    at Request.onRequestError (/usr/local/lib/node_modules/firebase-tools/node_modules/request/request.js:878:8)
    at emitOne (events.js:116:13)
    at ClientRequest.emit (events.js:211:7)
    at TLSSocket.socketErrorListener (_http_client.js:387:9)
    at emitOne (events.js:116:13)
[debug] [2019-05-14T15:38:55.774Z] ----------------------------------------------------------------------
[debug] [2019-05-14T15:38:55.777Z] Command:       /usr/local/bin/node /usr/local/bin/firebase login --reauth
[debug] [2019-05-14T15:38:55.777Z] CLI Version:   3.18.4
[debug] [2019-05-14T15:38:55.778Z] Platform:      darwin
[debug] [2019-05-14T15:38:55.778Z] Node Version:  v8.9.4
[debug] [2019-05-14T15:38:55.778Z] Time:          Tue May 14 2019 23:38:55 GMT+0800 (CST)
[debug] [2019-05-14T15:38:55.778Z] ----------------------------------------------------------------------
[debug] 
[info] 
[info] Visit this URL on any device to log in:
[info] https://accounts.google.com/o/oauth2/auth?client_id=563584335869-fgrhgmd47bqnekij5i8b5pr03ho849e6.apps.googleusercontent.com&scope=email%20openid%20https%3A%2F%2Fwww.googleapis.com%2Fauth%2Fcloudplatformprojects.readonly%20https%3A%2F%2Fwww.googleapis.com%2Fauth%2Ffirebase%20https%3A%2F%2Fwww.googleapis.com%2Fauth%2Fcloud-platform&response_type=code&state=164303155&redirect_uri=http%3A%2F%2Flocalhost%3A9005
[info] 
[info] Waiting for authentication...
[debug] [2019-05-14T15:39:21.327Z] >>> HTTP REQUEST POST https://accounts.google.com/o/oauth2/token  
 { code: '4/SgH7xz5lNcFCvgQ2fj0xbWN64_g8kgC6i5BVehh_NTv1vrgmtjuOt7KtwNXsWjJrUk3DDVeImGjU2gKN_P4ekSs',
  client_id: '563584335869-fgrhgmd47bqnekij5i8b5pr03ho849e6.apps.googleusercontent.com',
  client_secret: 'j9iVZfS8kkCEFUPaAeJV0sAi',
  redirect_uri: 'http://localhost:9005',
  grant_type: 'authorization_code' } 
 Tue May 14 2019 23:39:21 GMT+0800 (CST)
[debug] [2019-05-14T15:39:22.545Z] Token Fetch Error: Error
    at new FirebaseError (/usr/local/lib/node_modules/firebase-tools/lib/error.js:11:16)
    at Request._callback (/usr/local/lib/node_modules/firebase-tools/lib/api.js:35:11)
    at self.callback (/usr/local/lib/node_modules/firebase-tools/node_modules/request/request.js:186:22)
    at emitOne (events.js:116:13)
    at Request.emit (events.js:211:7)
    at Request.onRequestError (/usr/local/lib/node_modules/firebase-tools/node_modules/request/request.js:878:8)
    at emitOne (events.js:116:13)
    at ClientRequest.emit (events.js:211:7)
    at TLSSocket.socketErrorListener (_http_client.js:387:9)
    at emitOne (events.js:116:13)
[debug] [2019-05-14T15:39:42.888Z] >>> HTTP REQUEST POST https://accounts.google.com/o/oauth2/token  
 { code: '4/SgEfzVqFHQQW6hzUP5w-aCIkrZelOg0z3ask8MHw_CMOLt7MriUq7nEFBvk83C-lXRDiwpCscN0cKPknNyHa1tE',
  client_id: '563584335869-fgrhgmd47bqnekij5i8b5pr03ho849e6.apps.googleusercontent.com',
  client_secret: 'j9iVZfS8kkCEFUPaAeJV0sAi',
  redirect_uri: 'http://localhost:9005',
  grant_type: 'authorization_code' } 
 Tue May 14 2019 23:39:42 GMT+0800 (CST)
